<?xml version="1.0" encoding="UTF-8"?>
<!-- Generated by org.testng.reporters.JUnitXMLReporter -->
<testsuite ignored="0" hostname="Catalog-PC" failures="1" tests="1" name="wishbook wholesale app" time="62.051" errors="0" timestamp="24 Apr 2019 07:52:06 GMT">
  <testcase classname="testCases.UploadProducts" name="uploadProducts" time="21.601">
    <failure type="java.lang.NullPointerException">
      <![CDATA[java.lang.NullPointerException
at org.openqa.selenium.support.pagefactory.internal.LocatingElementHandler.invoke(LocatingElementHandler.java:51)
at com.sun.proxy.$Proxy12.sendKeys(Unknown Source)
at pageObjects.UploadProduct.sendtitle(UploadProduct.java:248)
at testCases.UploadProducts.uploadProducts(UploadProducts.java:48)
... Removed 29 stack frames]]>
    </failure>
  </testcase> <!-- uploadProducts -->
</testsuite> <!-- wishbook wholesale app -->
