<?xml version="1.0" encoding="UTF-8"?>
<!-- Generated by org.testng.reporters.JUnitXMLReporter -->
<testsuite hostname="DESKTOP-AH6Q1HH" ignored="0" name="wishbook wholesale app" tests="1" failures="1" timestamp="14 Nov 2019 07:02:14 GMT" time="41.023" errors="0">
  <testcase name="setmatching" time="26.393" classname="testCases.Setmatching">
    <failure type="java.lang.NullPointerException">
      <![CDATA[java.lang.NullPointerException
at org.openqa.selenium.support.pagefactory.internal.LocatingElementHandler.invoke(LocatingElementHandler.java:51)
at com.sun.proxy.$Proxy11.isDisplayed(Unknown Source)
at org.openqa.selenium.support.ui.ExpectedConditions.elementIfVisible(ExpectedConditions.java:315)
at org.openqa.selenium.support.ui.ExpectedConditions.access$100(ExpectedConditions.java:44)
at org.openqa.selenium.support.ui.ExpectedConditions$10.apply(ExpectedConditions.java:301)
at org.openqa.selenium.support.ui.ExpectedConditions$10.apply(ExpectedConditions.java:298)
at org.openqa.selenium.support.ui.ExpectedConditions$23.apply(ExpectedConditions.java:686)
at org.openqa.selenium.support.ui.ExpectedConditions$23.apply(ExpectedConditions.java:682)
at org.openqa.selenium.support.ui.FluentWait.until(FluentWait.java:260)
at pageObjects.UploadProduct.uploadProducts(UploadProduct.java:211)
at testCases.Setmatching.setmatching(Setmatching.java:25)
... Removed 29 stack frames]]>
    </failure>
  </testcase> <!-- setmatching -->
</testsuite> <!-- wishbook wholesale app -->
