<?xml version="1.0" encoding="UTF-8"?>
<!-- Generated by org.testng.reporters.JUnitXMLReporter -->
<testsuite ignored="0" hostname="ANUSSHET-7420" failures="0" tests="4" name="Flipkart" time="100.138" errors="0" timestamp="16 Jun 2022 14:38:47 GMT">
  <testcase classname="testCases.TC_Profile" name="navigatetoprofilepage" time="48.248"/>
  <testcase classname="testCases.TC_Profile" name="gendervalidation" time="0.031"/>
  <testcase classname="testCases.TC_Profile" name="emailvalidation" time="2.34"/>
  <testcase classname="testCases.TC_Profile" name="superCoinZoneValidation" time="2.951"/>
</testsuite> <!-- Flipkart -->
