<?xml version="1.0" encoding="UTF-8"?>
<testng-results skipped="0" failed="0" ignored="0" total="2" passed="2">
  <reporter-output>
  </reporter-output>
  <suite name="Dummy" duration-ms="10285" started-at="2022-03-22T16:54:24Z" finished-at="2022-03-22T16:54:34Z">
    <groups>
    </groups>
    <test name="SmartRisk" duration-ms="10285" started-at="2022-03-22T16:54:24Z" finished-at="2022-03-22T16:54:34Z">
      <class name="testCases.TC_Profile">
        <test-method status="PASS" signature="Setup(java.lang.String)[pri:0, instance:testCases.TC_Profile@511baa65]" name="Setup" is-config="true" duration-ms="4471" started-at="2022-03-22T16:54:24Z" finished-at="2022-03-22T16:54:28Z">
          <params>
            <param index="0">
              <value>
                <![CDATA[chrome]]>
              </value>
            </param>
          </params>
          <reporter-output>
          </reporter-output>
        </test-method> <!-- Setup -->
        <test-method status="PASS" signature="navigatetoprofilepage()[pri:0, instance:testCases.TC_Profile@511baa65]" name="navigatetoprofilepage" duration-ms="4924" started-at="2022-03-22T16:54:28Z" finished-at="2022-03-22T16:54:33Z">
          <reporter-output>
          </reporter-output>
        </test-method> <!-- navigatetoprofilepage -->
        <test-method status="PASS" signature="gendervalidation()[pri:1, instance:testCases.TC_Profile@511baa65]" name="gendervalidation" duration-ms="28" started-at="2022-03-22T16:54:33Z" finished-at="2022-03-22T16:54:33Z">
          <reporter-output>
          </reporter-output>
        </test-method> <!-- gendervalidation -->
        <test-method status="PASS" signature="tearDown()[pri:0, instance:testCases.TC_Profile@511baa65]" name="tearDown" is-config="true" duration-ms="685" started-at="2022-03-22T16:54:33Z" finished-at="2022-03-22T16:54:34Z">
          <reporter-output>
          </reporter-output>
        </test-method> <!-- tearDown -->
      </class> <!-- testCases.TC_Profile -->
    </test> <!-- SmartRisk -->
  </suite> <!-- Dummy -->
</testng-results>
