<?xml version="1.0" encoding="UTF-8"?>
<!-- Generated by org.testng.reporters.JUnitXMLReporter -->
<testsuite hostname="DESKTOP-AH6Q1HH" ignored="0" name="SmartRisk(failed)" tests="1" failures="1" timestamp="20 Nov 2019 17:08:07 GMT" time="39.691" errors="0">
  <testcase name="LoginTest" time="5.827" classname="testCases.TC_LoginTest_001">
    <failure type="java.lang.AssertionError" message="expected [true] but found [false]">
      <![CDATA[java.lang.AssertionError: expected [true] but found [false]
at testCases.TC_LoginTest_001.LoginTest(TC_LoginTest_001.java:44)
... Removed 29 stack frames]]>
    </failure>
  </testcase> <!-- LoginTest -->
</testsuite> <!-- SmartRisk(failed) -->
