<?xml version="1.0" encoding="UTF-8"?>
<!-- Generated by org.testng.reporters.JUnitXMLReporter -->
<testsuite hostname="DESKTOP-AH6Q1HH" ignored="0" name="SmartRisk" tests="3" failures="1" timestamp="18 Dec 2019 13:33:52 GMT" time="94.5" errors="0">
  <testcase name="LoginTest" time="3.509" classname="testCases.TC_LoginTest_001">
    <failure type="java.lang.AssertionError" message="expected [true] but found [false]">
      <![CDATA[java.lang.AssertionError: expected [true] but found [false]
at testCases.TC_LoginTest_001.LoginTest(TC_LoginTest_001.java:44)
... Removed 29 stack frames]]>
    </failure>
  </testcase> <!-- LoginTest -->
  <testcase name="border" time="23.987" classname="testCases.TC_OverviewMap"/>
  <testcase name="border" time="24.835" classname="testCases.TC_OverviewDashboard"/>
</testsuite> <!-- SmartRisk -->
