<?xml version="1.0" encoding="UTF-8"?>
<testng-results ignored="0" total="4" passed="4" failed="0" skipped="0">
  <reporter-output>
  </reporter-output>
  <suite started-at="2022-06-16T14:37:07Z" name="FlipkartAutomation" finished-at="2022-06-16T14:38:47Z" duration-ms="100138">
    <groups>
    </groups>
    <test started-at="2022-06-16T14:37:07Z" name="Flipkart" finished-at="2022-06-16T14:38:47Z" duration-ms="100138">
      <class name="testCases.TC_Profile">
        <test-method is-config="true" signature="Setup(java.lang.String, java.lang.String)[pri:0, instance:testCases.TC_Profile@561b6512]" started-at="2022-06-16T14:37:07Z" name="Setup" finished-at="2022-06-16T14:37:53Z" duration-ms="46208" status="PASS">
          <params>
            <param index="0">
              <value>
                <![CDATA[chrome]]>
              </value>
            </param>
            <param index="1">
              <value>
                <![CDATA[BASE]]>
              </value>
            </param>
          </params>
          <reporter-output>
          </reporter-output>
        </test-method> <!-- Setup -->
        <test-method signature="navigatetoprofilepage()[pri:0, instance:testCases.TC_Profile@561b6512]" started-at="2022-06-16T14:37:53Z" name="navigatetoprofilepage" finished-at="2022-06-16T14:38:41Z" duration-ms="48248" status="PASS">
          <reporter-output>
          </reporter-output>
        </test-method> <!-- navigatetoprofilepage -->
        <test-method signature="gendervalidation()[pri:1, instance:testCases.TC_Profile@561b6512]" started-at="2022-06-16T14:38:41Z" name="gendervalidation" finished-at="2022-06-16T14:38:41Z" duration-ms="31" status="PASS">
          <reporter-output>
          </reporter-output>
        </test-method> <!-- gendervalidation -->
        <test-method signature="emailvalidation()[pri:2, instance:testCases.TC_Profile@561b6512]" started-at="2022-06-16T14:38:41Z" name="emailvalidation" finished-at="2022-06-16T14:38:44Z" duration-ms="2340" status="PASS">
          <reporter-output>
          </reporter-output>
        </test-method> <!-- emailvalidation -->
        <test-method signature="superCoinZoneValidation()[pri:3, instance:testCases.TC_Profile@561b6512]" started-at="2022-06-16T14:38:44Z" name="superCoinZoneValidation" finished-at="2022-06-16T14:38:47Z" duration-ms="2951" status="PASS">
          <reporter-output>
          </reporter-output>
        </test-method> <!-- superCoinZoneValidation -->
        <test-method is-config="true" signature="tearDown()[pri:0, instance:testCases.TC_Profile@561b6512]" started-at="2022-06-16T14:38:47Z" name="tearDown" finished-at="2022-06-16T14:38:47Z" duration-ms="162" status="PASS">
          <reporter-output>
          </reporter-output>
        </test-method> <!-- tearDown -->
      </class> <!-- testCases.TC_Profile -->
    </test> <!-- Flipkart -->
  </suite> <!-- FlipkartAutomation -->
</testng-results>
