<?xml version="1.0" encoding="UTF-8"?>
<!-- Generated by org.testng.reporters.JUnitXMLReporter -->
<testsuite ignored="0" hostname="Catalog-PC" failures="1" tests="1" name="wishbook wholesale app(failed)" time="29.041" errors="0" timestamp="12 Apr 2019 12:12:54 GMT">
  <testcase classname="testCases.blogin" name="login" time="20.863">
    <failure type="java.lang.NullPointerException">
      <![CDATA[java.lang.NullPointerException
at org.openqa.selenium.support.pagefactory.internal.LocatingElementHandler.invoke(LocatingElementHandler.java:51)
at com.sun.proxy.$Proxy15.click(Unknown Source)
at pageObjects.BLogin.proceedbutton1(BLogin.java:56)
at testCases.blogin.login(blogin.java:18)
... Removed 26 stack frames]]>
    </failure>
  </testcase> <!-- login -->
</testsuite> <!-- wishbook wholesale app(failed) -->
